<?xml version="1.0" encoding="UTF-8"?>
<!-- Generated by org.testng.reporters.JUnitReportReporter -->
<testsuite skipped="0" hostname="DELL-PC" name="gitTest.GitTest" tests="1" failures="0" timestamp="06 Jan 2018 08:45:20 GMT" time="17.975" errors="0">
  <testcase name="loginTest" time="17.975" classname="gitTest.GitTest"/>
</testsuite> <!-- gitTest.GitTest -->
